#
# There is insufficient memory for the Java Runtime Environment to continue.
# Native memory allocation (mmap) failed to map 121634816 bytes. Error detail: G1 virtual space
# Possible reasons:
#   The system is out of physical RAM or swap space
#   This process is running with CompressedOops enabled, and the Java Heap may be blocking the growth of the native heap
# Possible solutions:
#   Reduce memory load on the system
#   Increase physical memory or swap space
#   Check if swap backing store is full
#   Decrease Java heap size (-Xmx/-Xms)
#   Decrease number of Java threads
#   Decrease Java thread stack sizes (-Xss)
#   Set larger code cache with -XX:ReservedCodeCacheSize=
#   JVM is running with Unscaled Compressed Oops mode in which the Java heap is
#     placed in the first 4GB address space. The Java Heap base address is the
#     maximum limit for the native heap growth. Please use -XX:HeapBaseMinAddress
#     to set the Java Heap base and to place the Java Heap above 4GB virtual address.
# This output file may be truncated or incomplete.
#
#  Out of Memory Error (os_windows.cpp:3703), pid=23028, tid=4908
#
# JRE version:  (23.0.1+11) (build )
# Java VM: Java HotSpot(TM) 64-Bit Server VM (23.0.1+11-39, mixed mode, sharing, tiered, compressed oops, compressed class ptrs, g1 gc, windows-amd64)
# No core dump will be written. Minidumps are not enabled by default on client versions of Windows
#

---------------  S U M M A R Y ------------

Command Line: -Dfile.encoding=UTF-8 --module-path=E:\NETBEANS WORK\Quiz Sprint\build\classes quizsprint.Login

Host: AMD Ryzen 5 7535HS with Radeon Graphics        , 12 cores, 7G,  Windows 11 , 64 bit Build 22621 (10.0.22621.4391)
Time: Mon Jan 13 16:51:30 2025 Bangladesh Standard Time elapsed time: 0.019717 seconds (0d 0h 0m 0s)

---------------  T H R E A D  ---------------

Current thread (0x000001c825e6d9a0):  JavaThread "Unknown thread" [_thread_in_vm, id=4908, stack(0x0000007f6b100000,0x0000007f6b200000) (1024K)]

Stack: [0x0000007f6b100000,0x0000007f6b200000]
Native frames: (J=compiled Java code, j=interpreted, Vv=VM code, C=native code)
V  [jvm.dll+0x6e08b9]  (no source info available)
V  [jvm.dll+0x87dc83]  (no source info available)
V  [jvm.dll+0x88010e]  (no source info available)
V  [jvm.dll+0x8807e3]  (no source info available)
V  [jvm.dll+0x27aee6]  (no source info available)
V  [jvm.dll+0x6dd1c5]  (no source info available)
V  [jvm.dll+0x6d104a]  (no source info available)
V  [jvm.dll+0x35b3ea]  (no source info available)
V  [jvm.dll+0x3637f6]  (no source info available)
V  [jvm.dll+0x34fd5e]  (no source info available)
V  [jvm.dll+0x34fff8]  (no source info available)
V  [jvm.dll+0x3289cc]  (no source info available)
V  [jvm.dll+0x32966e]  (no source info available)
V  [jvm.dll+0x844355]  (no source info available)
V  [jvm.dll+0x3b9848]  (no source info available)
V  [jvm.dll+0x82d14c]  (no source info available)
V  [jvm.dll+0x454d4e]  (no source info available)
V  [jvm.dll+0x456bd1]  (no source info available)
C  [jli.dll+0x52a3]  (no source info available)
C  [ucrtbase.dll+0x29333]  (no source info available)
C  [KERNEL32.DLL+0x1259d]  (no source info available)
C  [ntdll.dll+0x5af38]  (no source info available)

Lock stack of current Java thread (top to bottom):


---------------  P R O C E S S  ---------------

Threads class SMR info:
_java_thread_list=0x00007ffaf2d23618, length=0, elements={
}

Java Threads: ( => current thread )
Total: 0

Other Threads:
  0x000001c82821c250 WorkerThread "GC Thread#0"                     [id=880, stack(0x0000007f6b200000,0x0000007f6b300000) (1024K)]
  0x000001c82822f310 ConcurrentGCThread "G1 Main Marker"            [id=10720, stack(0x0000007f6b300000,0x0000007f6b400000) (1024K)]
  0x000001c82822ffd0 WorkerThread "G1 Conc#0"                       [id=13032, stack(0x0000007f6b400000,0x0000007f6b500000) (1024K)]

[error occurred during error reporting (printing all threads), id 0xc0000005, EXCEPTION_ACCESS_VIOLATION (0xc0000005) at pc=0x00007ffaf246bfba]
VM state: not at safepoint (not fully initialized)

VM Mutex/Monitor currently owned by a thread:  ([mutex/lock_event])
[0x00007ffaf2da3a10] Heap_lock - owner thread: 0x000001c825e6d9a0

Heap address: 0x000000008ca00000, size: 1846 MB, Compressed Oops mode: 32-bit

CDS archive(s) mapped at: [0x0000000000000000-0x0000000000000000-0x0000000000000000), size 0, SharedBaseAddress: 0x0000000800000000, ArchiveRelocationMode: 1.
Narrow klass base: 0x0000000000000000, Narrow klass shift: 0, Narrow klass range: 0x0

GC Precious Log:
 CardTable entry size: 512
 Card Set container configuration: InlinePtr #cards 5 size 8 Array Of Cards #cards 10 size 36 Howl #buckets 4 coarsen threshold 1843 Howl Bitmap #cards 512 size 80 coarsen threshold 460 Card regions per heap region 1 cards per card region 2048

Heap:
 garbage-first heap   total reserved 1890304K, committed 0K, used 0K [0x000000008ca00000, 0x0000000100000000)
  region size 1024K, 0 young (0K), 0 survivors (0K)

[error occurred during error reporting (printing heap information), id 0xc0000005, EXCEPTION_ACCESS_VIOLATION (0xc0000005) at pc=0x00007ffaf286c3c9]
GC Heap History (0 events):
No events

Dll operation events (1 events):
Event: 0.015 Loaded shared library C:\Program Files\Java\jdk-23\bin\java.dll

Deoptimization events (0 events):
No events

Classes loaded (0 events):
No events

Classes unloaded (0 events):
No events

Classes redefined (0 events):
No events

Internal exceptions (0 events):
No events

VM Operations (0 events):
No events

Memory protections (0 events):
No events

Nmethod flushes (0 events):
No events

Events (0 events):
No events


Dynamic libraries:
0x00007ff7ee790000 - 0x00007ff7ee7a0000 	C:\Program Files\Java\jdk-23\bin\java.exe
0x00007ffba6910000 - 0x00007ffba6b27000 	C:\windows\SYSTEM32\ntdll.dll
0x00007ffba4ad0000 - 0x00007ffba4b94000 	C:\windows\System32\KERNEL32.DLL
0x00007ffba3d10000 - 0x00007ffba40ca000 	C:\windows\System32\KERNELBASE.dll
0x00007ffba4260000 - 0x00007ffba4371000 	C:\windows\System32\ucrtbase.dll
0x00007ffb9e0b0000 - 0x00007ffb9e0cb000 	C:\Program Files\Java\jdk-23\bin\VCRUNTIME140.dll
0x00007ffb8ff20000 - 0x00007ffb8ff37000 	C:\Program Files\Java\jdk-23\bin\jli.dll
0x00007ffba4d90000 - 0x00007ffba4f3e000 	C:\windows\System32\USER32.dll
0x00007ffba3c60000 - 0x00007ffba3c86000 	C:\windows\System32\win32u.dll
0x00007ffb73dc0000 - 0x00007ffb74052000 	C:\windows\WinSxS\amd64_microsoft.windows.common-controls_6595b64144ccf1df_6.0.22621.4541_none_2710d1c57384c085\COMCTL32.dll
0x00007ffba6220000 - 0x00007ffba6249000 	C:\windows\System32\GDI32.dll
0x00007ffba6250000 - 0x00007ffba62f7000 	C:\windows\System32\msvcrt.dll
0x00007ffba4380000 - 0x00007ffba449b000 	C:\windows\System32\gdi32full.dll
0x00007ffba41c0000 - 0x00007ffba425a000 	C:\windows\System32\msvcp_win.dll
0x00007ffba6140000 - 0x00007ffba6171000 	C:\windows\System32\IMM32.DLL
0x00007ffb9e0a0000 - 0x00007ffb9e0ac000 	C:\Program Files\Java\jdk-23\bin\vcruntime140_1.dll
0x00007ffb63b20000 - 0x00007ffb63bae000 	C:\Program Files\Java\jdk-23\bin\msvcp140.dll
0x00007ffaf2130000 - 0x00007ffaf2e7f000 	C:\Program Files\Java\jdk-23\bin\server\jvm.dll
0x00007ffba4f40000 - 0x00007ffba4ff2000 	C:\windows\System32\ADVAPI32.dll
0x00007ffba48b0000 - 0x00007ffba4957000 	C:\windows\System32\sechost.dll
0x00007ffba40d0000 - 0x00007ffba40f8000 	C:\windows\System32\bcrypt.dll
0x00007ffba6470000 - 0x00007ffba6584000 	C:\windows\System32\RPCRT4.dll
0x00007ffba6850000 - 0x00007ffba68c1000 	C:\windows\System32\WS2_32.dll
0x00007ffba3ab0000 - 0x00007ffba3afd000 	C:\windows\SYSTEM32\POWRPROF.dll
0x00007ffb9dea0000 - 0x00007ffb9ded4000 	C:\windows\SYSTEM32\WINMM.dll
0x00007ffb9d670000 - 0x00007ffb9d67a000 	C:\windows\SYSTEM32\VERSION.dll
0x00007ffba3a90000 - 0x00007ffba3aa3000 	C:\windows\SYSTEM32\UMPDC.dll
0x00007ffba2bf0000 - 0x00007ffba2c08000 	C:\windows\SYSTEM32\kernel.appcore.dll
0x00007ffb9e090000 - 0x00007ffb9e09a000 	C:\Program Files\Java\jdk-23\bin\jimage.dll
0x00007ffb96210000 - 0x00007ffb96442000 	C:\windows\SYSTEM32\DBGHELP.DLL
0x00007ffba5db0000 - 0x00007ffba613f000 	C:\windows\System32\combase.dll
0x00007ffba4620000 - 0x00007ffba46f7000 	C:\windows\System32\OLEAUT32.dll
0x00007ffb939c0000 - 0x00007ffb939f2000 	C:\windows\SYSTEM32\dbgcore.DLL
0x00007ffba3be0000 - 0x00007ffba3c5b000 	C:\windows\System32\bcryptPrimitives.dll
0x00007ffb7cc60000 - 0x00007ffb7cc7e000 	C:\Program Files\Java\jdk-23\bin\java.dll
0x00007ffba4700000 - 0x00007ffba48a5000 	C:\windows\System32\ole32.dll
0x00007ffba5000000 - 0x00007ffba5878000 	C:\windows\System32\SHELL32.dll

dbghelp: loaded successfully - version: 4.0.5 - missing functions: none
symbol engine: initialized successfully - sym options: 0x614 - pdb path: .;C:\Program Files\Java\jdk-23\bin;C:\windows\SYSTEM32;C:\windows\WinSxS\amd64_microsoft.windows.common-controls_6595b64144ccf1df_6.0.22621.4541_none_2710d1c57384c085;C:\Program Files\Java\jdk-23\bin\server

VM Arguments:
jvm_args: -Dfile.encoding=UTF-8 --module-path=E:\NETBEANS WORK\Quiz Sprint\build\classes 
java_command: quizsprint.Login
java_class_path (initial): E:\NETBEANS WORK\Quiz Sprint\build\classes
Launcher Type: SUN_STANDARD

[Global flags]
     intx CICompilerCount                          = 4                                         {product} {ergonomic}
     uint ConcGCThreads                            = 3                                         {product} {ergonomic}
     uint G1ConcRefinementThreads                  = 10                                        {product} {ergonomic}
   size_t G1HeapRegionSize                         = 1048576                                   {product} {ergonomic}
   size_t InitialHeapSize                          = 121634816                                 {product} {ergonomic}
   size_t MarkStackSize                            = 4194304                                   {product} {ergonomic}
   size_t MarkStackSizeMax                         = 536870912                                 {product} {ergonomic}
   size_t MaxHeapSize                              = 1935671296                                {product} {ergonomic}
   size_t MinHeapDeltaBytes                        = 1048576                                   {product} {ergonomic}
   size_t MinHeapSize                              = 8388608                                   {product} {ergonomic}
    uintx NonNMethodCodeHeapSize                   = 5832704                                {pd product} {ergonomic}
    uintx NonProfiledCodeHeapSize                  = 122945536                              {pd product} {ergonomic}
    uintx ProfiledCodeHeapSize                     = 122880000                              {pd product} {ergonomic}
    uintx ReservedCodeCacheSize                    = 251658240                              {pd product} {ergonomic}
     bool SegmentedCodeCache                       = true                                      {product} {ergonomic}
   size_t SoftMaxHeapSize                          = 1935671296                             {manageable} {ergonomic}
     bool UseCompressedOops                        = true                           {product lp64_product} {ergonomic}
     bool UseG1GC                                  = true                                      {product} {ergonomic}
     bool UseLargePagesIndividualAllocation        = false                                  {pd product} {ergonomic}

Logging:
Log output configuration:
 #0: stdout all=warning uptime,level,tags foldmultilines=false
 #1: stderr all=off uptime,level,tags foldmultilines=false

Environment Variables:
PATH=C:\Program Files\Python313\Scripts\;C:\Program Files\Python313\;C:\Program Files\Common Files\Oracle\Java\javapath;C:\Program Files (x86)\Common Files\Intel\Shared Libraries\redist\intel64\compiler;C:\windows\system32;C:\windows;C:\windows\System32\Wbem;C:\windows\System32\WindowsPowerShell\v1.0\;C:\windows\System32\OpenSSH\;C:\Program Files (x86)\NVIDIA Corporation\PhysX\Common;C:\Program Files\NVIDIA Corporation\NVIDIA NvDLISR;C:\Users\Administrator\AppData\Local\Microsoft\WindowsApps;C:\Program Files\HP\OMEN-Broadcast\Common;C:\Program Files\Java\jdk-23\bin;C:\Users\Victus\AppData\Local\Microsoft\WindowsApps;E:\vs code\Microsoft VS Code\bin
USERNAME=Victus
OS=Windows_NT
PROCESSOR_IDENTIFIER=AMD64 Family 25 Model 68 Stepping 1, AuthenticAMD
TMP=C:\Users\Victus\AppData\Local\Temp
TEMP=C:\Users\Victus\AppData\Local\Temp




Periodic native trim disabled

---------------  S Y S T E M  ---------------

OS:
 Windows 11 , 64 bit Build 22621 (10.0.22621.4391)
OS uptime: 8 days 23:13 hours
Hyper-V role detected

CPU: total 12 (initial active 12) (12 cores per cpu, 2 threads per core) family 25 model 68 stepping 1 microcode 0x0, cx8, cmov, fxsr, ht, mmx, 3dnowpref, sse, sse2, sse3, ssse3, sse4a, sse4.1, sse4.2, popcnt, lzcnt, tsc, tscinvbit, avx, avx2, aes, erms, clmul, bmi1, bmi2, adx, sha, fma, vzeroupper, clflush, clflushopt, hv, rdtscp, rdpid, fsrm, f16c, cet_ss
Processor Information for processor 0
  Max Mhz: 3301, Current Mhz: 2496, Mhz Limit: 3301
Processor Information for processor 1
  Max Mhz: 3301, Current Mhz: 2496, Mhz Limit: 3301
Processor Information for processor 2
  Max Mhz: 3301, Current Mhz: 3301, Mhz Limit: 3301
Processor Information for processor 3
  Max Mhz: 3301, Current Mhz: 2496, Mhz Limit: 3301
Processor Information for processor 4
  Max Mhz: 3301, Current Mhz: 2496, Mhz Limit: 3301
Processor Information for processor 5
  Max Mhz: 3301, Current Mhz: 3301, Mhz Limit: 3301
Processor Information for processor 6
  Max Mhz: 3301, Current Mhz: 3301, Mhz Limit: 3301
Processor Information for processor 7
  Max Mhz: 3301, Current Mhz: 2496, Mhz Limit: 3301
Processor Information for processor 8
  Max Mhz: 3301, Current Mhz: 3301, Mhz Limit: 3301
Processor Information for processor 9
  Max Mhz: 3301, Current Mhz: 2496, Mhz Limit: 3301
Processor Information for processor 10
  Max Mhz: 3301, Current Mhz: 3301, Mhz Limit: 3301
Processor Information for processor 11
  Max Mhz: 3301, Current Mhz: 2496, Mhz Limit: 3301

Memory: 4k page, system-wide physical 7381M (536M free)
TotalPageFile size 26629M (AvailPageFile size 68M)
current process WorkingSet (physical memory assigned to process): 12M, peak: 12M
current process commit charge ("private bytes"): 64M, peak: 180M

vm_info: Java HotSpot(TM) 64-Bit Server VM (23.0.1+11-39) for windows-amd64 JRE (23.0.1+11-39), built on 2024-09-30T07:20:43Z with MS VC++ 17.6 (VS2022)

END.
