#
# There is insufficient memory for the Java Runtime Environment to continue.
# Native memory allocation (malloc) failed to allocate 1048576 bytes. Error detail: AllocateHeap
# Possible reasons:
#   The system is out of physical RAM or swap space
#   This process is running with CompressedOops enabled, and the Java Heap may be blocking the growth of the native heap
# Possible solutions:
#   Reduce memory load on the system
#   Increase physical memory or swap space
#   Check if swap backing store is full
#   Decrease Java heap size (-Xmx/-Xms)
#   Decrease number of Java threads
#   Decrease Java thread stack sizes (-Xss)
#   Set larger code cache with -XX:ReservedCodeCacheSize=
#   JVM is running with Unscaled Compressed Oops mode in which the Java heap is
#     placed in the first 4GB address space. The Java Heap base address is the
#     maximum limit for the native heap growth. Please use -XX:HeapBaseMinAddress
#     to set the Java Heap base and to place the Java Heap above 4GB virtual address.
# This output file may be truncated or incomplete.
#
#  Out of Memory Error (allocation.cpp:44), pid=4120, tid=10456
#
# JRE version:  (23.0.1+11) (build )
# Java VM: Java HotSpot(TM) 64-Bit Server VM (23.0.1+11-39, mixed mode, sharing, tiered, compressed oops, compressed class ptrs, g1 gc, windows-amd64)
# No core dump will be written. Minidumps are not enabled by default on client versions of Windows
#

---------------  S U M M A R Y ------------

Command Line: -Dfile.encoding=UTF-8 --module-path=E:\NETBEANS WORK\Quiz Sprint\build\classes quizsprint.Rules

Host: AMD Ryzen 5 7535HS with Radeon Graphics        , 12 cores, 7G,  Windows 11 , 64 bit Build 26100 (10.0.26100.2454)
Time: Thu Jan 23 20:59:55 2025 Bangladesh Standard Time elapsed time: 1.034773 seconds (0d 0h 0m 1s)

---------------  T H R E A D  ---------------

Current thread (0x000002438a609800):  JavaThread "Unknown thread" [_thread_in_vm, id=10456, stack(0x000000f153d00000,0x000000f153e00000) (1024K)]

Stack: [0x000000f153d00000,0x000000f153e00000]
Native frames: (J=compiled Java code, j=interpreted, Vv=VM code, C=native code)
V  [jvm.dll+0x6e08b9]  (no source info available)
V  [jvm.dll+0x87dc83]  (no source info available)
V  [jvm.dll+0x88010e]  (no source info available)
V  [jvm.dll+0x8807e3]  (no source info available)
V  [jvm.dll+0x27aee6]  (no source info available)
V  [jvm.dll+0xb6a17]  (no source info available)
V  [jvm.dll+0x326ad8]  (no source info available)
V  [jvm.dll+0x844319]  (no source info available)
V  [jvm.dll+0x3b9848]  (no source info available)
V  [jvm.dll+0x82d14c]  (no source info available)
V  [jvm.dll+0x454d4e]  (no source info available)
V  [jvm.dll+0x456bd1]  (no source info available)
C  [jli.dll+0x52a3]  (no source info available)
C  [ucrtbase.dll+0x14ea0]  (no source info available)
C  [KERNEL32.DLL+0x2e8d7]  (no source info available)
C  [ntdll.dll+0xdfbcc]  (no source info available)

Lock stack of current Java thread (top to bottom):


---------------  P R O C E S S  ---------------

Threads class SMR info:
_java_thread_list=0x00007ffc49593618, length=0, elements={
}

Java Threads: ( => current thread )
Total: 0

Other Threads:

=>0x000002438a609800 (exited) JavaThread "Unknown thread"    [_thread_in_vm, id=10456, stack(0x000000f153d00000,0x000000f153e00000) (1024K)]
Total: 1

Threads with active compile tasks:
Total: 0

VM state: not at safepoint (not fully initialized)

VM Mutex/Monitor currently owned by a thread: None

Heap address: 0x0000000000000000, size: 0 MB, Compressed Oops mode: 32-bit

CDS archive(s) mapped at: [0x0000000000000000-0x0000000000000000-0x0000000000000000), size 0, SharedBaseAddress: 0x0000000800000000, ArchiveRelocationMode: 1.
Narrow klass base: 0x0000000000000000, Narrow klass shift: 0, Narrow klass range: 0x0

GC Precious Log:
 CardTable entry size: 512
 Card Set container configuration: InlinePtr #cards 5 size 8 Array Of Cards #cards 10 size 36 Howl #buckets 4 coarsen threshold 1843 Howl Bitmap #cards 512 size 80 coarsen threshold 460 Card regions per heap region 1 cards per card region 2048

GC Heap History (0 events):
No events

Dll operation events (1 events):
Event: 0.012 Loaded shared library C:\Program Files\Java\jdk-23\bin\java.dll

Deoptimization events (0 events):
No events

Classes loaded (0 events):
No events

Classes unloaded (0 events):
No events

Classes redefined (0 events):
No events

Internal exceptions (0 events):
No events

VM Operations (0 events):
No events

Memory protections (0 events):
No events

Nmethod flushes (0 events):
No events

Events (0 events):
No events


Dynamic libraries:
0x00007ff71b030000 - 0x00007ff71b040000 	C:\Program Files\Java\jdk-23\bin\java.exe
0x00007ffcaaee0000 - 0x00007ffcab143000 	C:\WINDOWS\SYSTEM32\ntdll.dll
0x00007ffca9510000 - 0x00007ffca95d8000 	C:\WINDOWS\System32\KERNEL32.DLL
0x00007ffca87b0000 - 0x00007ffca8b62000 	C:\WINDOWS\System32\KERNELBASE.dll
0x00007ffca84f0000 - 0x00007ffca863b000 	C:\WINDOWS\System32\ucrtbase.dll
0x00007ffca3f10000 - 0x00007ffca3f2b000 	C:\Program Files\Java\jdk-23\bin\VCRUNTIME140.dll
0x00007ffca3750000 - 0x00007ffca3767000 	C:\Program Files\Java\jdk-23\bin\jli.dll
0x00007ffcaa9b0000 - 0x00007ffcaab78000 	C:\WINDOWS\System32\USER32.dll
0x00007ffc7ac80000 - 0x00007ffc7af10000 	C:\WINDOWS\WinSxS\amd64_microsoft.windows.common-controls_6595b64144ccf1df_6.0.26100.2454_none_3e0b68a2e331ad60\COMCTL32.dll
0x00007ffca8340000 - 0x00007ffca8367000 	C:\WINDOWS\System32\win32u.dll
0x00007ffca9d70000 - 0x00007ffca9e19000 	C:\WINDOWS\System32\msvcrt.dll
0x00007ffcaab80000 - 0x00007ffcaabaa000 	C:\WINDOWS\System32\GDI32.dll
0x00007ffca8c10000 - 0x00007ffca8d3b000 	C:\WINDOWS\System32\gdi32full.dll
0x00007ffca8640000 - 0x00007ffca86e3000 	C:\WINDOWS\System32\msvcp_win.dll
0x00007ffcaa2e0000 - 0x00007ffcaa30f000 	C:\WINDOWS\System32\IMM32.DLL
0x00007ffca3f00000 - 0x00007ffca3f0c000 	C:\Program Files\Java\jdk-23\bin\vcruntime140_1.dll
0x00007ffc7dee0000 - 0x00007ffc7df6e000 	C:\Program Files\Java\jdk-23\bin\msvcp140.dll
0x00007ffc489a0000 - 0x00007ffc496ef000 	C:\Program Files\Java\jdk-23\bin\server\jvm.dll
0x00007ffcaac30000 - 0x00007ffcaace4000 	C:\WINDOWS\System32\ADVAPI32.dll
0x00007ffca8dd0000 - 0x00007ffca8e76000 	C:\WINDOWS\System32\sechost.dll
0x00007ffcaa500000 - 0x00007ffcaa616000 	C:\WINDOWS\System32\RPCRT4.dll
0x00007ffca95e0000 - 0x00007ffca9654000 	C:\WINDOWS\System32\WS2_32.dll
0x00007ffc9f630000 - 0x00007ffc9f63b000 	C:\WINDOWS\SYSTEM32\VERSION.dll
0x00007ffc991e0000 - 0x00007ffc99216000 	C:\WINDOWS\SYSTEM32\WINMM.dll
0x00007ffca8140000 - 0x00007ffca818e000 	C:\WINDOWS\SYSTEM32\POWRPROF.dll
0x00007ffca8070000 - 0x00007ffca8084000 	C:\WINDOWS\SYSTEM32\UMPDC.dll
0x00007ffca70f0000 - 0x00007ffca710a000 	C:\WINDOWS\SYSTEM32\kernel.appcore.dll
0x00007ffca3920000 - 0x00007ffca392a000 	C:\Program Files\Java\jdk-23\bin\jimage.dll
0x00007ffc9c5d0000 - 0x00007ffc9c811000 	C:\WINDOWS\SYSTEM32\DBGHELP.DLL
0x00007ffcaa620000 - 0x00007ffcaa99e000 	C:\WINDOWS\System32\combase.dll
0x00007ffcaa420000 - 0x00007ffcaa4f6000 	C:\WINDOWS\System32\OLEAUT32.dll
0x00007ffc98d50000 - 0x00007ffc98d89000 	C:\WINDOWS\SYSTEM32\dbgcore.DLL
0x00007ffca8b70000 - 0x00007ffca8c09000 	C:\WINDOWS\System32\bcryptPrimitives.dll
0x00007ffca33f0000 - 0x00007ffca340e000 	C:\Program Files\Java\jdk-23\bin\java.dll
0x00007ffcaa140000 - 0x00007ffcaa2d9000 	C:\WINDOWS\System32\ole32.dll
0x00007ffca9660000 - 0x00007ffca9d61000 	C:\WINDOWS\System32\SHELL32.dll

dbghelp: loaded successfully - version: 4.0.5 - missing functions: none
symbol engine: initialized successfully - sym options: 0x614 - pdb path: .;C:\Program Files\Java\jdk-23\bin;C:\WINDOWS\SYSTEM32;C:\WINDOWS\WinSxS\amd64_microsoft.windows.common-controls_6595b64144ccf1df_6.0.26100.2454_none_3e0b68a2e331ad60;C:\Program Files\Java\jdk-23\bin\server

VM Arguments:
jvm_args: -Dfile.encoding=UTF-8 --module-path=E:\NETBEANS WORK\Quiz Sprint\build\classes 
java_command: quizsprint.Rules
java_class_path (initial): E:\NETBEANS WORK\Quiz Sprint\build\classes
Launcher Type: SUN_STANDARD

[Global flags]
     intx CICompilerCount                          = 4                                         {product} {ergonomic}
     uint ConcGCThreads                            = 3                                         {product} {ergonomic}
     uint G1ConcRefinementThreads                  = 10                                        {product} {ergonomic}
   size_t G1HeapRegionSize                         = 1048576                                   {product} {ergonomic}
   size_t InitialHeapSize                          = 121634816                                 {product} {ergonomic}
   size_t MarkStackSize                            = 4194304                                   {product} {ergonomic}
   size_t MaxHeapSize                              = 1935671296                                {product} {ergonomic}
   size_t MinHeapDeltaBytes                        = 1048576                                   {product} {ergonomic}
   size_t MinHeapSize                              = 8388608                                   {product} {ergonomic}
    uintx NonNMethodCodeHeapSize                   = 5832704                                {pd product} {ergonomic}
    uintx NonProfiledCodeHeapSize                  = 122945536                              {pd product} {ergonomic}
    uintx ProfiledCodeHeapSize                     = 122880000                              {pd product} {ergonomic}
    uintx ReservedCodeCacheSize                    = 251658240                              {pd product} {ergonomic}
     bool SegmentedCodeCache                       = true                                      {product} {ergonomic}
   size_t SoftMaxHeapSize                          = 1935671296                             {manageable} {ergonomic}
     bool UseCompressedOops                        = true                           {product lp64_product} {ergonomic}
     bool UseG1GC                                  = true                                      {product} {ergonomic}
     bool UseLargePagesIndividualAllocation        = false                                  {pd product} {ergonomic}

Logging:
Log output configuration:
 #0: stdout all=warning uptime,level,tags foldmultilines=false
 #1: stderr all=off uptime,level,tags foldmultilines=false

Environment Variables:
PATH=C:\Program Files\Python313\Scripts\;C:\Program Files\Python313\;C:\Program Files\Common Files\Oracle\Java\javapath;C:\Program Files (x86)\Common Files\Intel\Shared Libraries\redist\intel64\compiler;C:\windows\system32;C:\windows;C:\windows\System32\Wbem;C:\windows\System32\WindowsPowerShell\v1.0\;C:\windows\System32\OpenSSH\;C:\Program Files (x86)\NVIDIA Corporation\PhysX\Common;C:\Program Files\NVIDIA Corporation\NVIDIA NvDLISR;C:\Users\Administrator\AppData\Local\Microsoft\WindowsApps;C:\Program Files\HP\OMEN-Broadcast\Common;C:\Program Files\Java\jdk-23\bin;C:\Program Files\Git\cmd;C:\WINDOWS\system32;C:\WINDOWS;C:\WINDOWS\System32\Wbem;C:\WINDOWS\System32\WindowsPowerShell\v1.0\;C:\WINDOWS\System32\OpenSSH\;C:\Users\Victus\AppData\Local\Microsoft\WindowsApps;E:\vs code\Microsoft VS Code\bin;C:\Users\Victus\AppData\Local\GitHubDesktop\bin;
USERNAME=Victus
OS=Windows_NT
PROCESSOR_IDENTIFIER=AMD64 Family 25 Model 68 Stepping 1, AuthenticAMD
TMP=C:\Users\Victus\AppData\Local\Temp
TEMP=C:\Users\Victus\AppData\Local\Temp




Periodic native trim disabled

---------------  S Y S T E M  ---------------

OS:
 Windows 11 , 64 bit Build 26100 (10.0.26100.2454)
OS uptime: 2 days 23:38 hours
Hyper-V role detected

CPU: total 12 (initial active 12) (12 cores per cpu, 2 threads per core) family 25 model 68 stepping 1 microcode 0xa404107, cx8, cmov, fxsr, ht, mmx, 3dnowpref, sse, sse2, sse3, ssse3, sse4a, sse4.1, sse4.2, popcnt, lzcnt, tsc, tscinvbit, avx, avx2, aes, erms, clmul, bmi1, bmi2, adx, sha, fma, vzeroupper, clflush, clflushopt, hv, rdtscp, rdpid, fsrm, f16c, cet_ss
Processor Information for processor 0
  Max Mhz: 3301, Current Mhz: 2496, Mhz Limit: 3301
Processor Information for processor 1
  Max Mhz: 3301, Current Mhz: 2496, Mhz Limit: 3301
Processor Information for processor 2
  Max Mhz: 3301, Current Mhz: 3301, Mhz Limit: 3301
Processor Information for processor 3
  Max Mhz: 3301, Current Mhz: 3301, Mhz Limit: 3301
Processor Information for processor 4
  Max Mhz: 3301, Current Mhz: 2496, Mhz Limit: 3301
Processor Information for processor 5
  Max Mhz: 3301, Current Mhz: 2496, Mhz Limit: 3301
Processor Information for processor 6
  Max Mhz: 3301, Current Mhz: 3301, Mhz Limit: 3301
Processor Information for processor 7
  Max Mhz: 3301, Current Mhz: 3301, Mhz Limit: 3301
Processor Information for processor 8
  Max Mhz: 3301, Current Mhz: 2496, Mhz Limit: 3301
Processor Information for processor 9
  Max Mhz: 3301, Current Mhz: 2496, Mhz Limit: 3301
Processor Information for processor 10
  Max Mhz: 3301, Current Mhz: 2496, Mhz Limit: 3301
Processor Information for processor 11
  Max Mhz: 3301, Current Mhz: 2496, Mhz Limit: 3301

Memory: 4k page, system-wide physical 7381M (719M free)
TotalPageFile size 28254M (AvailPageFile size 5M)
current process WorkingSet (physical memory assigned to process): 12M, peak: 12M
current process commit charge ("private bytes"): 20M, peak: 21M

vm_info: Java HotSpot(TM) 64-Bit Server VM (23.0.1+11-39) for windows-amd64 JRE (23.0.1+11-39), built on 2024-09-30T07:20:43Z with MS VC++ 17.6 (VS2022)

END.
